<?xml version="1.0" encoding="UTF-8"?>
<!-- Generated by org.testng.reporters.JUnitReportReporter -->
<testsuite skipped="6" hostname="Haier-PC" name="testcases.TestUserManagement" tests="26" failures="1" timestamp="06 Aug 2020 14:07:28 GMT" time="2.368" errors="0">
  <testcase name="PutUpdateRole" time="0.095" classname="testcases.TestUserManagement"/>
  <testcase name="PutUpdateRoleNew" time="0.154" classname="testcases.TestUserManagement"/>
  <testcase name="GetAllAdminUser" time="0.095" classname="testcases.TestUserManagement"/>
  <testcase name="GetRoleDetails" time="0.082" classname="testcases.TestUserManagement"/>
  <testcase name="GetUserModules" time="0.094" classname="testcases.TestUserManagement"/>
  <testcase name="GetAdminUserDetail" time="0.101" classname="testcases.TestUserManagement"/>
  <testcase name="GetUserAdaptersList" time="0.112" classname="testcases.TestUserManagement"/>
  <testcase name="GetAllPermission" time="0.123" classname="testcases.TestUserManagement"/>
  <testcase name="PostCreateUser" time="0.242" classname="testcases.TestUserManagement"/>
  <testcase name="PostCreateRole" time="0.078" classname="testcases.TestUserManagement"/>
  <testcase name="GetRolePermission" time="0.087" classname="testcases.TestUserManagement"/>
  <testcase name="PostLoginNew" time="0.216" classname="testcases.TestUserManagement"/>
  <testcase name="GetAllRole" time="0.101" classname="testcases.TestUserManagement"/>
  <testcase name="GetAllAdminUserName" time="0.123" classname="testcases.TestUserManagement"/>
  <testcase name="GetPermissionDetails" time="0.078" classname="testcases.TestUserManagement"/>
  <testcase name="PostCreateRoleNew" time="0.113" classname="testcases.TestUserManagement"/>
  <testcase name="GetRoleModules" time="0.088" classname="testcases.TestUserManagement"/>
  <testcase name="PostLogin" time="0.160" classname="testcases.TestUserManagement"/>
  <testcase name="PostCreateUserNew" time="0.106" classname="testcases.TestUserManagement">
    <failure type="java.lang.AssertionError" message="
Expected: &lt;200&gt;
     but: was &lt;400&gt;">
      <![CDATA[java.lang.AssertionError: 
Expected: <200>
     but: was <400>
at org.hamcrest.MatcherAssert.assertThat(MatcherAssert.java:20)
at org.hamcrest.MatcherAssert.assertThat(MatcherAssert.java:8)
at testcases.TestUserManagement.PostCreateUserNew(TestUserManagement.java:322)
at sun.reflect.NativeMethodAccessorImpl.invoke0(Native Method)
at sun.reflect.NativeMethodAccessorImpl.invoke(NativeMethodAccessorImpl.java:62)
at sun.reflect.DelegatingMethodAccessorImpl.invoke(DelegatingMethodAccessorImpl.java:43)
at java.lang.reflect.Method.invoke(Method.java:498)
at org.testng.internal.MethodInvocationHelper.invokeMethod(MethodInvocationHelper.java:124)
at org.testng.internal.Invoker.invokeMethod(Invoker.java:583)
at org.testng.internal.Invoker.invokeTestMethod(Invoker.java:719)
at org.testng.internal.Invoker.invokeTestMethods(Invoker.java:989)
at org.testng.internal.TestMethodWorker.invokeTestMethods(TestMethodWorker.java:125)
at org.testng.internal.TestMethodWorker.run(TestMethodWorker.java:109)
at org.testng.TestRunner.privateRun(TestRunner.java:648)
at org.testng.TestRunner.run(TestRunner.java:505)
at org.testng.SuiteRunner.runTest(SuiteRunner.java:455)
at org.testng.SuiteRunner.runSequentially(SuiteRunner.java:450)
at org.testng.SuiteRunner.privateRun(SuiteRunner.java:415)
at org.testng.SuiteRunner.run(SuiteRunner.java:364)
at org.testng.SuiteRunnerWorker.runSuite(SuiteRunnerWorker.java:52)
at org.testng.SuiteRunnerWorker.run(SuiteRunnerWorker.java:84)
at org.testng.TestNG.runSuitesSequentially(TestNG.java:1208)
at org.testng.TestNG.runSuitesLocally(TestNG.java:1137)
at org.testng.TestNG.runSuites(TestNG.java:1049)
at org.testng.TestNG.run(TestNG.java:1017)
at org.apache.maven.surefire.testng.TestNGExecutor.run(TestNGExecutor.java:77)
at org.apache.maven.surefire.testng.TestNGDirectoryTestSuite.executeMulti(TestNGDirectoryTestSuite.java:159)
at org.apache.maven.surefire.testng.TestNGDirectoryTestSuite.execute(TestNGDirectoryTestSuite.java:99)
at org.apache.maven.surefire.testng.TestNGProvider.invoke(TestNGProvider.java:106)
at sun.reflect.NativeMethodAccessorImpl.invoke0(Native Method)
at sun.reflect.NativeMethodAccessorImpl.invoke(NativeMethodAccessorImpl.java:62)
at sun.reflect.DelegatingMethodAccessorImpl.invoke(DelegatingMethodAccessorImpl.java:43)
at java.lang.reflect.Method.invoke(Method.java:498)
at org.apache.maven.surefire.util.ReflectionUtils.invokeMethodWithArray(ReflectionUtils.java:189)
at org.apache.maven.surefire.booter.ProviderFactory$ProviderProxy.invoke(ProviderFactory.java:165)
at org.apache.maven.surefire.booter.ProviderFactory.invokeProvider(ProviderFactory.java:85)
at org.apache.maven.surefire.booter.ForkedBooter.runSuitesInProcess(ForkedBooter.java:115)
at org.apache.maven.surefire.booter.ForkedBooter.main(ForkedBooter.java:75)
]]>
    </failure>
  </testcase> <!-- PostCreateUserNew -->
  <testcase name="GetAllModules" time="0.120" classname="testcases.TestUserManagement"/>
  <testcase name="DeleteRole" classname="testcases.TestUserManagement">
    <skipped/>
  </testcase> <!-- DeleteRole -->
  <testcase name="DeleteAdminUser" classname="testcases.TestUserManagement">
    <skipped/>
  </testcase> <!-- DeleteAdminUser -->
  <testcase name="PutUpdatePermission" classname="testcases.TestUserManagement">
    <skipped/>
  </testcase> <!-- PutUpdatePermission -->
  <testcase name="DeletePermission" classname="testcases.TestUserManagement">
    <skipped/>
  </testcase> <!-- DeletePermission -->
  <testcase name="PostCreatePermission" classname="testcases.TestUserManagement">
    <skipped/>
  </testcase> <!-- PostCreatePermission -->
  <testcase name="PutUpdateAdminUser" classname="testcases.TestUserManagement">
    <skipped/>
  </testcase> <!-- PutUpdateAdminUser -->
</testsuite> <!-- testcases.TestUserManagement -->
